Started GET "/params/new" for ::1 at 2022-08-27 01:15:34 +0500
Processing by ParamsController#new as HTML
  Rendering params/new.html.erb within layouts/application
  Rendered params/new.html.erb within layouts/application (1.0ms)
Completed 200 OK in 221ms (Views: 218.7ms | ActiveRecord: 0.0ms)


Started POST "/params/create" for ::1 at 2022-08-27 01:15:36 +0500
Processing by ParamsController#create as HTML
  Parameters: {"authenticity_token"=>"nFyysTlxp14u/0+NSNG7o7fiG8FxabHL2v73DbBt16c38LkI71EIRfZaiAUf6hhzYqulokqh7hkMWEXB3kf9FA==", "id"=>"23", "client"=>{"name"=>"Acme", "phone"=>"12345", "address"=>{"postcode"=>"12345", "city"=>"Carrot City"}}}
Unpermitted parameters: :authenticity_token, :client
Unpermitted parameters: :authenticity_token, :id
No template found for ParamsController#create, rendering head :no_content
Completed 204 No Content in 7ms (ActiveRecord: 0.0ms)


Started GET "/session_management/index" for ::1 at 2022-08-27 01:16:11 +0500
Processing by SessionManagementController#index as HTML
  Rendering session_management/index.html.erb within layouts/application
  Rendered session_management/index.html.erb within layouts/application (0.8ms)
Completed 200 OK in 11ms (Views: 10.2ms | ActiveRecord: 0.0ms)


Started GET "/session_management/show" for ::1 at 2022-08-27 01:16:14 +0500
Processing by SessionManagementController#show as HTML
  Rendering session_management/show.html.erb within layouts/application
  Rendered session_management/show.html.erb within layouts/application (1.1ms)
Completed 200 OK in 13ms (Views: 12.0ms | ActiveRecord: 0.0ms)


Started GET "/session_management/destroy" for ::1 at 2022-08-27 01:16:19 +0500
Processing by SessionManagementController#destroy as HTML
  Rendering session_management/destroy.html.erb within layouts/application
  Rendered session_management/destroy.html.erb within layouts/application (0.4ms)
Completed 200 OK in 14ms (Views: 13.3ms | ActiveRecord: 0.0ms)


Started GET "/session_management/show" for ::1 at 2022-08-27 01:16:22 +0500
Processing by SessionManagementController#show as HTML
  Rendering session_management/show.html.erb within layouts/application
  Rendered session_management/show.html.erb within layouts/application (0.5ms)
Completed 200 OK in 13ms (Views: 12.1ms | ActiveRecord: 0.0ms)


Started GET "/session_management/new_flash" for ::1 at 2022-08-27 01:16:40 +0500
Processing by SessionManagementController#new_flash as HTML
  Rendering session_management/new_flash.html.erb within layouts/application
  Rendered session_management/new_flash.html.erb within layouts/application (0.3ms)
Completed 200 OK in 31ms (Views: 30.2ms | ActiveRecord: 0.0ms)


Started GET "/session_management/show_flash" for ::1 at 2022-08-27 01:16:46 +0500
Processing by SessionManagementController#show_flash as HTML
  Rendering session_management/show_flash.html.erb within layouts/application
  Rendered session_management/show_flash.html.erb within layouts/application (1.0ms)
Completed 200 OK in 14ms (Views: 13.1ms | ActiveRecord: 0.0ms)


Started GET "/session_management/next_request" for ::1 at 2022-08-27 01:16:51 +0500
Processing by SessionManagementController#next_request as HTML
  Rendering session_management/next_request.html.erb within layouts/application
  Rendered session_management/next_request.html.erb within layouts/application (0.4ms)
Completed 200 OK in 12ms (Views: 10.8ms | ActiveRecord: 0.0ms)


Started GET "/cookies_management/create_cookie" for ::1 at 2022-08-27 01:18:07 +0500
Processing by CookiesManagementController#create_cookie as HTML
  Rendering cookies_management/create_cookie.html.erb within layouts/application
  Rendered cookies_management/create_cookie.html.erb within layouts/application (0.5ms)
Completed 200 OK in 16ms (Views: 13.8ms | ActiveRecord: 0.0ms)


Started GET "/cookies_management/show_cookie" for ::1 at 2022-08-27 01:18:14 +0500
Processing by CookiesManagementController#show_cookie as HTML
  Rendering cookies_management/show_cookie.html.erb within layouts/application
  Rendered cookies_management/show_cookie.html.erb within layouts/application (0.5ms)
Completed 200 OK in 19ms (Views: 18.0ms | ActiveRecord: 0.0ms)


Started GET "/cookies_management/destroy_cookie" for ::1 at 2022-08-27 01:18:22 +0500
Processing by CookiesManagementController#destroy_cookie as HTML
  Rendering cookies_management/destroy_cookie.html.erb within layouts/application
  Rendered cookies_management/destroy_cookie.html.erb within layouts/application (0.4ms)
Completed 200 OK in 26ms (Views: 24.8ms | ActiveRecord: 0.0ms)


Started GET "/cookies_management/show_cookie" for ::1 at 2022-08-27 01:18:27 +0500
Processing by CookiesManagementController#show_cookie as HTML
  Rendering cookies_management/show_cookie.html.erb within layouts/application
  Rendered cookies_management/show_cookie.html.erb within layouts/application (0.3ms)
Completed 200 OK in 29ms (Views: 28.1ms | ActiveRecord: 0.0ms)


Started GET "/cookies_management/set_encrypted_cookie" for ::1 at 2022-08-27 01:22:07 +0500
Processing by CookiesManagementController#set_encrypted_cookie as HTML
Redirected to 
Completed 500 Internal Server Error in 1ms (ActiveRecord: 0.0ms)


  
ActionController::UrlGenerationError (No route matches {:action=>"read_cookie", :controller=>"cookies_management"}):
  
app/controllers/cookies_management_controller.rb:22:in `set_encrypted_cookie'
Started GET "/cookies_management/set_encrypted_cookie" for ::1 at 2022-08-27 01:22:27 +0500
Processing by CookiesManagementController#set_encrypted_cookie as HTML
Redirected to http://localhost:3000/cookies_management/read_encrypted_cookie
Completed 302 Found in 1ms (ActiveRecord: 0.0ms)


Started GET "/cookies_management/read_encrypted_cookie" for ::1 at 2022-08-27 01:22:27 +0500
Processing by CookiesManagementController#read_encrypted_cookie as HTML
  Rendering cookies_management/read_encrypted_cookie.html.erb within layouts/application
  Rendered cookies_management/read_encrypted_cookie.html.erb within layouts/application (0.4ms)
Completed 200 OK in 10ms (Views: 9.1ms | ActiveRecord: 0.0ms)


Started GET "/cookies_management/read_encrypted_cookie" for ::1 at 2022-08-27 01:22:31 +0500
Processing by CookiesManagementController#read_encrypted_cookie as HTML
  Rendering cookies_management/read_encrypted_cookie.html.erb within layouts/application
  Rendered cookies_management/read_encrypted_cookie.html.erb within layouts/application (1.0ms)
Completed 200 OK in 19ms (Views: 17.6ms | ActiveRecord: 0.0ms)


Started GET "/cookies_management/create_cookie" for ::1 at 2022-08-27 01:23:09 +0500
Processing by CookiesManagementController#create_cookie as HTML
  Rendering cookies_management/create_cookie.html.erb within layouts/application
  Rendered cookies_management/create_cookie.html.erb within layouts/application (0.4ms)
Completed 200 OK in 11ms (Views: 10.1ms | ActiveRecord: 0.0ms)


Started GET "/cookies_management/show_cookie" for ::1 at 2022-08-27 01:23:29 +0500
Processing by CookiesManagementController#show_cookie as HTML
  Rendering cookies_management/show_cookie.html.erb within layouts/application
  Rendered cookies_management/show_cookie.html.erb within layouts/application (0.4ms)
Completed 200 OK in 11ms (Views: 10.1ms | ActiveRecord: 0.0ms)


Started GET "/cookies_management/destroy_cookie" for ::1 at 2022-08-27 01:23:39 +0500
Processing by CookiesManagementController#destroy_cookie as HTML
  Rendering cookies_management/destroy_cookie.html.erb within layouts/application
  Rendered cookies_management/destroy_cookie.html.erb within layouts/application (0.3ms)
Completed 200 OK in 11ms (Views: 10.6ms | ActiveRecord: 0.0ms)


Started GET "/cookies_management/destroy_cookie" for ::1 at 2022-08-27 01:27:48 +0500
Processing by CookiesManagementController#destroy_cookie as HTML
  Rendering cookies_management/destroy_cookie.html.erb within layouts/application
  Rendered cookies_management/destroy_cookie.html.erb within layouts/application (0.2ms)
Completed 200 OK in 12ms (Views: 11.2ms | ActiveRecord: 0.0ms)


Started GET "/cookies_management/set_encrypted_cookie" for ::1 at 2022-08-27 01:27:59 +0500
Processing by CookiesManagementController#set_encrypted_cookie as HTML
Redirected to http://localhost:3000/cookies_management/read_encrypted_cookie
Completed 302 Found in 1ms (ActiveRecord: 0.0ms)


Started GET "/cookies_management/read_encrypted_cookie" for ::1 at 2022-08-27 01:27:59 +0500
Processing by CookiesManagementController#read_encrypted_cookie as HTML
  Rendering cookies_management/read_encrypted_cookie.html.erb within layouts/application
  Rendered cookies_management/read_encrypted_cookie.html.erb within layouts/application (0.4ms)
Completed 200 OK in 18ms (Views: 16.5ms | ActiveRecord: 0.0ms)


Started GET "/cookies_management/destroy_encrypted_cookie" for ::1 at 2022-08-27 01:28:04 +0500
Processing by CookiesManagementController#destroy_encrypted_cookie as HTML
  Rendering cookies_management/destroy_encrypted_cookie.html.erb within layouts/application
  Rendered cookies_management/destroy_encrypted_cookie.html.erb within layouts/application (0.3ms)
Completed 200 OK in 10ms (Views: 9.1ms | ActiveRecord: 0.0ms)


Started GET "/cookies_management/read_encrypted_cookie" for ::1 at 2022-08-27 01:28:12 +0500
Processing by CookiesManagementController#read_encrypted_cookie as HTML
  Rendering cookies_management/read_encrypted_cookie.html.erb within layouts/application
  Rendered cookies_management/read_encrypted_cookie.html.erb within layouts/application (0.9ms)
Completed 200 OK in 13ms (Views: 12.1ms | ActiveRecord: 0.0ms)


  [1m[35m (0.0ms)[0m  [1m[34mSELECT sqlite_version(*)[0m
  ↳ bin/rails:9
  [1m[35m (2.2ms)[0m  [1m[35mCREATE TABLE "schema_migrations" ("version" varchar NOT NULL PRIMARY KEY)[0m
  ↳ bin/rails:9
  [1m[35m (2.2ms)[0m  [1m[35mCREATE TABLE "ar_internal_metadata" ("key" varchar NOT NULL PRIMARY KEY, "value" varchar, "created_at" datetime NOT NULL, "updated_at" datetime NOT NULL)[0m
  ↳ bin/rails:9
  [1m[35m (0.1ms)[0m  [1m[34mSELECT "schema_migrations"."version" FROM "schema_migrations" ORDER BY "schema_migrations"."version" ASC[0m
  ↳ bin/rails:9
Migrating to CreateStudents (20220827171235)
  [1m[35m (0.2ms)[0m  [1m[36mbegin transaction[0m
  ↳ bin/rails:9
  [1m[35m (0.9ms)[0m  [1m[35mCREATE TABLE "students" ("id" integer PRIMARY KEY AUTOINCREMENT NOT NULL, "name" varchar, "created_at" datetime NOT NULL, "updated_at" datetime NOT NULL)[0m
  ↳ db/migrate/20220827171235_create_students.rb:3
  [1m[36mActiveRecord::SchemaMigration Create (0.2ms)[0m  [1m[32mINSERT INTO "schema_migrations" ("version") VALUES (?)[0m  [["version", "20220827171235"]]
  ↳ bin/rails:9
  [1m[35m (2.8ms)[0m  [1m[36mcommit transaction[0m
  ↳ bin/rails:9
  [1m[36mActiveRecord::InternalMetadata Load (0.2ms)[0m  [1m[34mSELECT  "ar_internal_metadata".* FROM "ar_internal_metadata" WHERE "ar_internal_metadata"."key" = ? LIMIT ?[0m  [["key", "environment"], ["LIMIT", 1]]
  ↳ bin/rails:9
  [1m[35m (0.0ms)[0m  [1m[36mbegin transaction[0m
  ↳ bin/rails:9
  [1m[36mActiveRecord::InternalMetadata Create (0.4ms)[0m  [1m[32mINSERT INTO "ar_internal_metadata" ("key", "value", "created_at", "updated_at") VALUES (?, ?, ?, ?)[0m  [["key", "environment"], ["value", "development"], ["created_at", "2022-08-27 17:12:43.467134"], ["updated_at", "2022-08-27 17:12:43.467134"]]
  ↳ bin/rails:9
  [1m[35m (1.7ms)[0m  [1m[36mcommit transaction[0m
  ↳ bin/rails:9
  [1m[35m (0.1ms)[0m  [1m[34mSELECT "schema_migrations"."version" FROM "schema_migrations" ORDER BY "schema_migrations"."version" ASC[0m
  ↳ bin/rails:9
Started GET "/" for ::1 at 2022-08-27 22:56:37 +0500
  [1m[35m (0.1ms)[0m  [1m[34mSELECT "schema_migrations"."version" FROM "schema_migrations" ORDER BY "schema_migrations"."version" ASC[0m
  ↳ /var/lib/gems/2.7.0/gems/activerecord-5.2.8.1/lib/active_record/log_subscriber.rb:98
Processing by Rails::WelcomeController#index as HTML
  Rendering /var/lib/gems/2.7.0/gems/railties-5.2.8.1/lib/rails/templates/rails/welcome/index.html.erb
  Rendered /var/lib/gems/2.7.0/gems/railties-5.2.8.1/lib/rails/templates/rails/welcome/index.html.erb (2.3ms)
Completed 200 OK in 11ms (Views: 5.1ms | ActiveRecord: 0.0ms)


Started GET "/students" for ::1 at 2022-08-27 22:56:42 +0500
Processing by StudentsController#index as HTML
  Rendering students/index.html.erb within layouts/application
  [1m[36mStudent Load (0.1ms)[0m  [1m[34mSELECT "students".* FROM "students"[0m
  ↳ app/views/students/index.html.erb:14
  Rendered students/index.html.erb within layouts/application (1.4ms)
Completed 200 OK in 200ms (Views: 197.7ms | ActiveRecord: 0.2ms)


Started GET "/students/new" for ::1 at 2022-08-27 22:56:44 +0500
Processing by StudentsController#new as HTML
  Rendering students/new.html.erb within layouts/application
  Rendered students/_form.html.erb (22.1ms)
  Rendered students/new.html.erb within layouts/application (22.9ms)
Completed 200 OK in 44ms (Views: 34.9ms | ActiveRecord: 1.8ms)


Started POST "/students" for ::1 at 2022-08-27 22:56:48 +0500
Processing by StudentsController#create as HTML
  Parameters: {"utf8"=>"✓", "authenticity_token"=>"PQYWDG4p48Ny9xKHl6zOmwYrMFwKMZ8m9hC0jjPkWkLzh8XAbm4MuAxJIdUfOiNdzztv5/N/L9UskxIP3iJiDQ==", "student"=>{"name"=>"Nouman"}, "commit"=>"Create Student"}
  [1m[35m (0.1ms)[0m  [1m[36mbegin transaction[0m
  ↳ app/controllers/students_controller.rb:27
  [1m[36mStudent Create (0.6ms)[0m  [1m[32mINSERT INTO "students" ("name", "created_at", "updated_at") VALUES (?, ?, ?)[0m  [["name", "Nouman"], ["created_at", "2022-08-27 17:56:48.287821"], ["updated_at", "2022-08-27 17:56:48.287821"]]
  ↳ app/controllers/students_controller.rb:27
  [1m[35m (1.7ms)[0m  [1m[36mcommit transaction[0m
  ↳ app/controllers/students_controller.rb:27
Redirected to http://localhost:3000/students/1
Completed 302 Found in 9ms (ActiveRecord: 2.4ms)


Started GET "/students/1" for ::1 at 2022-08-27 22:56:48 +0500
Processing by StudentsController#show as HTML
  Parameters: {"id"=>"1"}
  [1m[36mStudent Load (0.2ms)[0m  [1m[34mSELECT  "students".* FROM "students" WHERE "students"."id" = ? LIMIT ?[0m  [["id", 1], ["LIMIT", 1]]
  ↳ app/controllers/students_controller.rb:63
  Rendering students/show.html.erb within layouts/application
  Rendered students/show.html.erb within layouts/application (0.5ms)
Completed 200 OK in 18ms (Views: 13.4ms | ActiveRecord: 0.2ms)


Started GET "/students" for ::1 at 2022-08-27 22:56:50 +0500
Processing by StudentsController#index as HTML
  Rendering students/index.html.erb within layouts/application
  [1m[36mStudent Load (0.1ms)[0m  [1m[34mSELECT "students".* FROM "students"[0m
  ↳ app/views/students/index.html.erb:14
  Rendered students/index.html.erb within layouts/application (2.0ms)
Completed 200 OK in 18ms (Views: 16.6ms | ActiveRecord: 0.1ms)


Started GET "/students" for ::1 at 2022-08-27 22:58:16 +0500
Processing by StudentsController#index as HTML
  Rendering students/index.html.erb within layouts/application
  [1m[36mStudent Load (0.2ms)[0m  [1m[34mSELECT "students".* FROM "students"[0m
  ↳ app/views/students/index.html.erb:14
  Rendered students/index.html.erb within layouts/application (4.6ms)
Completed 200 OK in 23ms (Views: 21.2ms | ActiveRecord: 0.5ms)


Started GET "/students/new" for ::1 at 2022-08-27 22:58:55 +0500
Processing by StudentsController#new as HTML
  Rendering students/new.html.erb within layouts/application
  Rendered students/_form.html.erb (1.5ms)
  Rendered students/new.html.erb within layouts/application (2.4ms)
Completed 200 OK in 21ms (Views: 17.5ms | ActiveRecord: 0.5ms)


Started GET "/students" for ::1 at 2022-08-27 22:59:36 +0500
  [1m[35m (0.1ms)[0m  [1m[34mSELECT "schema_migrations"."version" FROM "schema_migrations" ORDER BY "schema_migrations"."version" ASC[0m
  ↳ /var/lib/gems/2.7.0/gems/activerecord-5.2.8.1/lib/active_record/log_subscriber.rb:98
Processing by StudentsController#index as HTML
  Rendering students/index.html.erb within layouts/application
  [1m[36mStudent Load (0.1ms)[0m  [1m[34mSELECT "students".* FROM "students"[0m
  ↳ app/views/students/index.html.erb:14
  Rendered students/index.html.erb within layouts/application (5.2ms)
Completed 200 OK in 126ms (Views: 122.4ms | ActiveRecord: 1.0ms)


Started GET "/students" for ::1 at 2022-08-27 22:59:38 +0500
Processing by StudentsController#index as HTML
  Rendering students/index.html.erb within layouts/application
  [1m[36mStudent Load (0.1ms)[0m  [1m[34mSELECT "students".* FROM "students"[0m
  ↳ app/views/students/index.html.erb:14
  Rendered students/index.html.erb within layouts/application (2.9ms)
Completed 200 OK in 58ms (Views: 56.8ms | ActiveRecord: 0.1ms)


Started GET "/students/1" for ::1 at 2022-08-27 23:00:31 +0500
Processing by StudentsController#show as HTML
  Parameters: {"id"=>"1"}
  [1m[36mStudent Load (0.2ms)[0m  [1m[34mSELECT  "students".* FROM "students" WHERE "students"."id" = ? LIMIT ?[0m  [["id", 1], ["LIMIT", 1]]
  ↳ app/controllers/students_controller.rb:64
  Rendering students/show.html.erb within layouts/application
  Rendered students/show.html.erb within layouts/application (1.2ms)
Completed 200 OK in 30ms (Views: 11.4ms | ActiveRecord: 0.7ms)


Started GET "/students/1" for ::1 at 2022-08-27 23:01:16 +0500
Processing by StudentsController#show as HTML
  Parameters: {"id"=>"1"}
  [1m[36mStudent Load (0.1ms)[0m  [1m[34mSELECT  "students".* FROM "students" WHERE "students"."id" = ? LIMIT ?[0m  [["id", 1], ["LIMIT", 1]]
  ↳ app/controllers/students_controller.rb:64
  Rendering students/show.html.erb within layouts/application
  Rendered students/show.html.erb within layouts/application (0.8ms)
Completed 200 OK in 19ms (Views: 13.4ms | ActiveRecord: 0.5ms)


Started GET "/students/1" for ::1 at 2022-08-27 23:02:13 +0500
Processing by StudentsController#show as HTML
  Parameters: {"id"=>"1"}
  [1m[36mStudent Load (0.4ms)[0m  [1m[34mSELECT  "students".* FROM "students" WHERE "students"."id" = ? LIMIT ?[0m  [["id", 1], ["LIMIT", 1]]
  ↳ app/controllers/students_controller.rb:64
  Rendering students/show.html.erb within layouts/application
  Rendered students/show.html.erb within layouts/application (0.8ms)
Completed 200 OK in 29ms (Views: 17.8ms | ActiveRecord: 2.0ms)


Started GET "/students/1" for ::1 at 2022-08-27 23:03:39 +0500
Processing by StudentsController#show as HTML
  Parameters: {"id"=>"1"}
  [1m[36mStudent Load (0.1ms)[0m  [1m[34mSELECT  "students".* FROM "students" WHERE "students"."id" = ? LIMIT ?[0m  [["id", 1], ["LIMIT", 1]]
  ↳ app/controllers/students_controller.rb:64
  Rendering students/show.html.erb within layouts/application
  Rendered students/show.html.erb within layouts/application (1.0ms)
Completed 200 OK in 29ms (Views: 19.7ms | ActiveRecord: 0.6ms)


Started GET "/students/1" for ::1 at 2022-08-27 23:05:25 +0500
  [1m[35m (0.1ms)[0m  [1m[34mSELECT "schema_migrations"."version" FROM "schema_migrations" ORDER BY "schema_migrations"."version" ASC[0m
  ↳ /var/lib/gems/2.7.0/gems/activerecord-5.2.8.1/lib/active_record/log_subscriber.rb:98
Processing by StudentsController#show as HTML
  Parameters: {"id"=>"1"}
  [1m[36mStudent Load (0.1ms)[0m  [1m[34mSELECT  "students".* FROM "students" WHERE "students"."id" = ? LIMIT ?[0m  [["id", 1], ["LIMIT", 1]]
  ↳ app/controllers/students_controller.rb:65
Completed 200 OK in 7ms (ActiveRecord: 0.4ms)


Started GET "/students/1" for ::1 at 2022-08-27 23:07:36 +0500
  [1m[35m (0.1ms)[0m  [1m[34mSELECT "schema_migrations"."version" FROM "schema_migrations" ORDER BY "schema_migrations"."version" ASC[0m
  ↳ /var/lib/gems/2.7.0/gems/activerecord-5.2.8.1/lib/active_record/log_subscriber.rb:98
Processing by StudentsController#show as HTML
  Parameters: {"id"=>"1"}
  [1m[36mStudent Load (0.1ms)[0m  [1m[34mSELECT  "students".* FROM "students" WHERE "students"."id" = ? LIMIT ?[0m  [["id", 1], ["LIMIT", 1]]
  ↳ app/controllers/students_controller.rb:65
  Rendering students/show.html.erb within layouts/application
  Rendered students/show.html.erb within layouts/application (0.7ms)
Completed 200 OK in 130ms (Views: 121.0ms | ActiveRecord: 0.5ms)


Started GET "/students/1" for ::1 at 2022-08-27 23:13:30 +0500
  [1m[35m (0.1ms)[0m  [1m[34mSELECT "schema_migrations"."version" FROM "schema_migrations" ORDER BY "schema_migrations"."version" ASC[0m
  ↳ /var/lib/gems/2.7.0/gems/activerecord-5.2.8.1/lib/active_record/log_subscriber.rb:98
Processing by StudentsController#show as HTML
  Parameters: {"id"=>"1"}
  [1m[36mStudent Load (0.1ms)[0m  [1m[34mSELECT  "students".* FROM "students" WHERE "students"."id" = ? LIMIT ?[0m  [["id", 1], ["LIMIT", 1]]
  ↳ app/controllers/students_controller.rb:65
  Rendering students/show.html.erb within layouts/application
  Rendered students/show.html.erb within layouts/application (0.6ms)
Completed 200 OK in 138ms (Views: 132.2ms | ActiveRecord: 0.4ms)


Started GET "/students/1" for ::1 at 2022-08-27 23:14:17 +0500
  [1m[35m (0.1ms)[0m  [1m[34mSELECT "schema_migrations"."version" FROM "schema_migrations" ORDER BY "schema_migrations"."version" ASC[0m
  ↳ /var/lib/gems/2.7.0/gems/activerecord-5.2.8.1/lib/active_record/log_subscriber.rb:98
Processing by StudentsController#show as HTML
  Parameters: {"id"=>"1"}
  [1m[36mStudent Load (0.1ms)[0m  [1m[34mSELECT  "students".* FROM "students" WHERE "students"."id" = ? LIMIT ?[0m  [["id", 1], ["LIMIT", 1]]
  ↳ app/controllers/students_controller.rb:65
  Rendering students/show.html.erb within layouts/application
  Rendered students/show.html.erb within layouts/application (0.6ms)
Completed 200 OK in 135ms (Views: 128.3ms | ActiveRecord: 0.3ms)


Started GET "/students/1/edit" for ::1 at 2022-08-27 23:17:25 +0500
  [1m[35m (0.1ms)[0m  [1m[34mSELECT "schema_migrations"."version" FROM "schema_migrations" ORDER BY "schema_migrations"."version" ASC[0m
  ↳ /var/lib/gems/2.7.0/gems/activerecord-5.2.8.1/lib/active_record/log_subscriber.rb:98
Processing by StudentsController#edit as HTML
  Parameters: {"id"=>"1"}
  [1m[36mStudent Load (0.1ms)[0m  [1m[34mSELECT  "students".* FROM "students" WHERE "students"."id" = ? LIMIT ?[0m  [["id", 1], ["LIMIT", 1]]
  ↳ app/controllers/students_controller.rb:65
  Rendering students/edit.html.erb within layouts/application
  Rendered students/_form.html.erb (3.1ms)
  Rendered students/edit.html.erb within layouts/application (4.2ms)
Completed 200 OK in 137ms (Views: 129.9ms | ActiveRecord: 0.6ms)


Started GET "/squest_controller/index" for ::1 at 2022-08-27 23:33:27 +0500
  [1m[35m (0.1ms)[0m  [1m[34mSELECT "schema_migrations"."version" FROM "schema_migrations" ORDER BY "schema_migrations"."version" ASC[0m
  ↳ /var/lib/gems/2.7.0/gems/activerecord-5.2.8.1/lib/active_record/log_subscriber.rb:98
  
ActionController::RoutingError (No route matches [GET] "/squest_controller/index"):
  
actionpack (5.2.8.1) lib/action_dispatch/middleware/debug_exceptions.rb:65:in `call'
web-console (3.7.0) lib/web_console/middleware.rb:135:in `call_app'
web-console (3.7.0) lib/web_console/middleware.rb:30:in `block in call'
web-console (3.7.0) lib/web_console/middleware.rb:20:in `catch'
web-console (3.7.0) lib/web_console/middleware.rb:20:in `call'
actionpack (5.2.8.1) lib/action_dispatch/middleware/show_exceptions.rb:33:in `call'
railties (5.2.8.1) lib/rails/rack/logger.rb:38:in `call_app'
railties (5.2.8.1) lib/rails/rack/logger.rb:26:in `block in call'
activesupport (5.2.8.1) lib/active_support/tagged_logging.rb:71:in `block in tagged'
activesupport (5.2.8.1) lib/active_support/tagged_logging.rb:28:in `tagged'
activesupport (5.2.8.1) lib/active_support/tagged_logging.rb:71:in `tagged'
railties (5.2.8.1) lib/rails/rack/logger.rb:26:in `call'
sprockets-rails (3.4.2) lib/sprockets/rails/quiet_assets.rb:13:in `call'
actionpack (5.2.8.1) lib/action_dispatch/middleware/remote_ip.rb:81:in `call'
actionpack (5.2.8.1) lib/action_dispatch/middleware/request_id.rb:27:in `call'
rack (2.2.4) lib/rack/method_override.rb:24:in `call'
rack (2.2.4) lib/rack/runtime.rb:22:in `call'
activesupport (5.2.8.1) lib/active_support/cache/strategy/local_cache_middleware.rb:29:in `call'
actionpack (5.2.8.1) lib/action_dispatch/middleware/executor.rb:14:in `call'
actionpack (5.2.8.1) lib/action_dispatch/middleware/static.rb:127:in `call'
rack (2.2.4) lib/rack/sendfile.rb:110:in `call'
railties (5.2.8.1) lib/rails/engine.rb:524:in `call'
puma (3.12.6) lib/puma/configuration.rb:227:in `call'
puma (3.12.6) lib/puma/server.rb:706:in `handle_request'
puma (3.12.6) lib/puma/server.rb:476:in `process_client'
puma (3.12.6) lib/puma/server.rb:334:in `block in run'
puma (3.12.6) lib/puma/thread_pool.rb:135:in `block in spawn_thread'
Started GET "/rsquest_controller/index" for ::1 at 2022-08-27 23:34:13 +0500
Processing by RsquestControllerController#index as HTML
Completed 500 Internal Server Error in 41ms (ActiveRecord: 0.0ms)


  
NoMethodError (undefined method `respond_with' for #<RsquestControllerController:0x00007f0d4c02cd70>
Did you mean?  respond_to):
  
app/controllers/rsquest_controller_controller.rb:3:in `index'
Started GET "/rsquest_controller/index" for ::1 at 2022-08-27 23:34:52 +0500
Processing by RsquestControllerController#index as HTML
Completed 406 Not Acceptable in 1ms (ActiveRecord: 0.0ms)


  
ActionController::UnknownFormat (ActionController::UnknownFormat):
  
app/controllers/rsquest_controller_controller.rb:3:in `index'
Started GET "/rsquest_controller/index" for ::1 at 2022-08-27 23:36:19 +0500
Processing by RsquestControllerController#index as HTML
Completed 500 Internal Server Error in 55ms (ActiveRecord: 0.0ms)


  
NoMethodError (undefined method `ender' for #<RsquestControllerController:0x0000560f7bca8c18>
Did you mean?  render
               end):
  
app/controllers/rsquest_controller_controller.rb:3:in `index'
Started GET "/rsquest_controller/index" for ::1 at 2022-08-27 23:36:35 +0500
Processing by RsquestControllerController#index as HTML
  Rendering rsquest_controller/index.html.erb within layouts/application
  Rendered rsquest_controller/index.html.erb within layouts/application (0.5ms)
Completed 200 OK in 179ms (Views: 178.6ms | ActiveRecord: 0.0ms)


Started GET "/" for ::1 at 2022-08-27 23:41:51 +0500
  [1m[35m (0.1ms)[0m  [1m[34mSELECT "schema_migrations"."version" FROM "schema_migrations" ORDER BY "schema_migrations"."version" ASC[0m
  ↳ /var/lib/gems/2.7.0/gems/activerecord-5.2.8.1/lib/active_record/log_subscriber.rb:98
Processing by Rails::WelcomeController#index as HTML
  Rendering /var/lib/gems/2.7.0/gems/railties-5.2.8.1/lib/rails/templates/rails/welcome/index.html.erb
  Rendered /var/lib/gems/2.7.0/gems/railties-5.2.8.1/lib/rails/templates/rails/welcome/index.html.erb (1.7ms)
Completed 200 OK in 8ms (Views: 3.2ms | ActiveRecord: 0.0ms)


Started GET "/rsquest_controller/index" for ::1 at 2022-08-27 23:42:11 +0500
Processing by RsquestControllerController#index as HTML
  Rendering text template
  Rendered text template (0.0ms)
Completed 200 OK in 2ms (Views: 1.6ms | ActiveRecord: 0.0ms)


Started GET "/rsquest_controller/index" for ::1 at 2022-08-27 23:42:30 +0500
Processing by RsquestControllerController#index as HTML
  Rendering text template
  Rendered text template (0.0ms)
Completed 200 OK in 1ms (Views: 0.7ms | ActiveRecord: 0.0ms)


Started GET "/" for ::1 at 2022-08-28 00:10:53 +0500
Processing by Rails::WelcomeController#index as HTML
  Rendering /var/lib/gems/2.7.0/gems/railties-5.2.8.1/lib/rails/templates/rails/welcome/index.html.erb
  Rendered /var/lib/gems/2.7.0/gems/railties-5.2.8.1/lib/rails/templates/rails/welcome/index.html.erb (1.3ms)
Completed 200 OK in 10ms (Views: 1.9ms | ActiveRecord: 0.0ms)


Started GET "/" for ::1 at 2022-08-28 00:11:42 +0500
Processing by Rails::WelcomeController#index as HTML
  Rendering /var/lib/gems/2.7.0/gems/railties-5.2.8.1/lib/rails/templates/rails/welcome/index.html.erb
  Rendered /var/lib/gems/2.7.0/gems/railties-5.2.8.1/lib/rails/templates/rails/welcome/index.html.erb (2.3ms)
Completed 200 OK in 5ms (Views: 3.4ms | ActiveRecord: 0.0ms)


Started GET "/students.json" for ::1 at 2022-08-28 00:11:51 +0500
Processing by StudentsController#index as JSON
Completed 200 OK in 0ms (ActiveRecord: 0.0ms)


Started GET "/students" for ::1 at 2022-08-28 00:11:59 +0500
Processing by StudentsController#index as HTML
Completed 200 OK in 1ms (ActiveRecord: 0.0ms)


Started GET "/students" for ::1 at 2022-08-28 00:12:03 +0500
Processing by StudentsController#index as HTML
Completed 200 OK in 0ms (ActiveRecord: 0.0ms)


Started GET "/students/index" for ::1 at 2022-08-28 00:12:10 +0500
Processing by StudentsController#show as HTML
  Parameters: {"id"=>"index"}
  [1m[36mStudent Load (0.1ms)[0m  [1m[34mSELECT  "students".* FROM "students" WHERE "students"."id" = ? LIMIT ?[0m  [["id", 0], ["LIMIT", 1]]
  ↳ app/controllers/students_controller.rb:65
Completed 404 Not Found in 8ms (ActiveRecord: 0.9ms)


  
ActiveRecord::RecordNotFound (Couldn't find Student with 'id'=index):
  
app/controllers/students_controller.rb:65:in `set_student'
Started GET "/students/new" for ::1 at 2022-08-28 00:12:14 +0500
Processing by StudentsController#new as HTML
Completed 200 OK in 1ms (ActiveRecord: 0.0ms)


Started GET "/students" for ::1 at 2022-08-28 00:12:41 +0500
Processing by StudentsController#index as HTML
Completed 200 OK in 1ms (ActiveRecord: 0.0ms)


Started GET "/students" for ::1 at 2022-08-28 00:13:18 +0500
  [1m[35m (0.3ms)[0m  [1m[34mSELECT "schema_migrations"."version" FROM "schema_migrations" ORDER BY "schema_migrations"."version" ASC[0m
  ↳ /var/lib/gems/2.7.0/gems/activerecord-5.2.8.1/lib/active_record/log_subscriber.rb:98
Processing by StudentsController#index as HTML
Completed 200 OK in 2ms (ActiveRecord: 0.0ms)


Started GET "/params/index" for ::1 at 2022-08-28 00:14:21 +0500
Processing by ParamsController#index as HTML
  Rendering params/index.html.erb within layouts/application
  Rendered params/index.html.erb within layouts/application (0.4ms)
Completed 200 OK in 168ms (Views: 166.3ms | ActiveRecord: 0.0ms)


Started GET "/students" for ::1 at 2022-08-28 00:14:32 +0500
Processing by StudentsController#index as HTML
Completed 200 OK in 1ms (ActiveRecord: 0.0ms)


Started GET "/students/new" for ::1 at 2022-08-28 00:14:38 +0500
Processing by StudentsController#new as HTML
Completed 200 OK in 0ms (ActiveRecord: 0.0ms)


Started GET "/students/new" for ::1 at 2022-08-28 00:15:51 +0500
  [1m[35m (0.2ms)[0m  [1m[34mSELECT "schema_migrations"."version" FROM "schema_migrations" ORDER BY "schema_migrations"."version" ASC[0m
  ↳ /var/lib/gems/2.7.0/gems/activerecord-5.2.8.1/lib/active_record/log_subscriber.rb:98
Processing by StudentsController#new as HTML
  Rendering students/new.html.erb within layouts/application
  Rendered students/_form.html.erb (3.9ms)
  Rendered students/new.html.erb within layouts/application (4.9ms)
Completed 200 OK in 193ms (Views: 181.0ms | ActiveRecord: 2.0ms)


Started GET "/students/new" for ::1 at 2022-08-28 00:16:13 +0500
Processing by StudentsController#new as HTML
  Rendering students/new.html.erb within layouts/application
  Rendered students/_form.html.erb (5.5ms)
  Rendered students/new.html.erb within layouts/application (8.0ms)
Completed 200 OK in 54ms (Views: 39.8ms | ActiveRecord: 0.6ms)


Started GET "/students/new" for ::1 at 2022-08-28 00:16:14 +0500
Processing by StudentsController#new as HTML
  Rendering students/new.html.erb within layouts/application
  Rendered students/_form.html.erb (3.6ms)
  Rendered students/new.html.erb within layouts/application (4.9ms)
Completed 200 OK in 25ms (Views: 24.0ms | ActiveRecord: 0.0ms)


Started GET "/students/new" for ::1 at 2022-08-28 00:16:31 +0500
Processing by StudentsController#new as HTML
Completed 200 OK in 0ms (ActiveRecord: 0.0ms)


Started GET "/students/new" for ::1 at 2022-08-28 00:16:32 +0500
Processing by StudentsController#new as HTML
Completed 200 OK in 1ms (ActiveRecord: 0.0ms)


Started GET "/students/new" for ::1 at 2022-08-28 00:16:32 +0500
Processing by StudentsController#new as HTML
Completed 200 OK in 1ms (ActiveRecord: 0.0ms)


Started GET "/students/new" for ::1 at 2022-08-28 00:16:33 +0500
Processing by StudentsController#new as HTML
Completed 200 OK in 1ms (ActiveRecord: 0.0ms)


Started GET "/students/new" for ::1 at 2022-08-28 00:16:33 +0500
Processing by StudentsController#new as HTML
Completed 200 OK in 1ms (ActiveRecord: 0.0ms)


Started GET "/students/new" for ::1 at 2022-08-28 00:16:51 +0500
Processing by StudentsController#new as HTML
  Rendering students/new.html.erb within layouts/application
  Rendered students/_form.html.erb (1.5ms)
  Rendered students/new.html.erb within layouts/application (2.2ms)
Completed 200 OK in 22ms (Views: 17.5ms | ActiveRecord: 0.4ms)


Started GET "/students.json" for ::1 at 2022-08-28 00:16:57 +0500
Processing by StudentsController#index as JSON
  Rendering students/index.json.jbuilder
  [1m[36mStudent Load (0.1ms)[0m  [1m[34mSELECT "students".* FROM "students"[0m
  ↳ app/views/students/index.json.jbuilder:1
  Rendered students/_student.json.jbuilder (1.4ms)
  Rendered students/index.json.jbuilder (9.1ms)
Completed 200 OK in 12ms (Views: 10.5ms | ActiveRecord: 0.1ms)


Started GET "/students.html" for ::1 at 2022-08-28 00:18:00 +0500
Processing by StudentsController#index as HTML
  Rendering students/index.html.erb within layouts/application
  [1m[36mStudent Load (0.1ms)[0m  [1m[34mSELECT "students".* FROM "students"[0m
  ↳ app/views/students/index.html.erb:14
  Rendered students/index.html.erb within layouts/application (1.7ms)
Completed 200 OK in 18ms (Views: 16.7ms | ActiveRecord: 0.1ms)


Started GET "/students.xml" for ::1 at 2022-08-28 00:18:04 +0500
Processing by StudentsController#index as XML
Completed 406 Not Acceptable in 7ms (ActiveRecord: 0.0ms)


  
ActionController::UnknownFormat (StudentsController#index is missing a template for this request format and variant.

request.formats: ["application/xml"]
request.variant: []):
  
actionpack (5.2.8.1) lib/action_controller/metal/implicit_render.rb:42:in `default_render'
actionpack (5.2.8.1) lib/action_controller/metal/basic_implicit_render.rb:6:in `block in send_action'
actionpack (5.2.8.1) lib/action_controller/metal/basic_implicit_render.rb:6:in `tap'
actionpack (5.2.8.1) lib/action_controller/metal/basic_implicit_render.rb:6:in `send_action'
actionpack (5.2.8.1) lib/abstract_controller/base.rb:194:in `process_action'
actionpack (5.2.8.1) lib/action_controller/metal/rendering.rb:30:in `process_action'
actionpack (5.2.8.1) lib/abstract_controller/callbacks.rb:42:in `block in process_action'
activesupport (5.2.8.1) lib/active_support/callbacks.rb:132:in `run_callbacks'
actionpack (5.2.8.1) lib/abstract_controller/callbacks.rb:41:in `process_action'
actionpack (5.2.8.1) lib/action_controller/metal/rescue.rb:22:in `process_action'
actionpack (5.2.8.1) lib/action_controller/metal/instrumentation.rb:34:in `block in process_action'
activesupport (5.2.8.1) lib/active_support/notifications.rb:168:in `block in instrument'
activesupport (5.2.8.1) lib/active_support/notifications/instrumenter.rb:23:in `instrument'
activesupport (5.2.8.1) lib/active_support/notifications.rb:168:in `instrument'
actionpack (5.2.8.1) lib/action_controller/metal/instrumentation.rb:32:in `process_action'
actionpack (5.2.8.1) lib/action_controller/metal/params_wrapper.rb:256:in `process_action'
activerecord (5.2.8.1) lib/active_record/railties/controller_runtime.rb:24:in `process_action'
actionpack (5.2.8.1) lib/abstract_controller/base.rb:134:in `process'
actionview (5.2.8.1) lib/action_view/rendering.rb:32:in `process'
actionpack (5.2.8.1) lib/action_controller/metal.rb:191:in `dispatch'
actionpack (5.2.8.1) lib/action_controller/metal.rb:252:in `dispatch'
actionpack (5.2.8.1) lib/action_dispatch/routing/route_set.rb:52:in `dispatch'
actionpack (5.2.8.1) lib/action_dispatch/routing/route_set.rb:34:in `serve'
actionpack (5.2.8.1) lib/action_dispatch/journey/router.rb:52:in `block in serve'
actionpack (5.2.8.1) lib/action_dispatch/journey/router.rb:35:in `each'
actionpack (5.2.8.1) lib/action_dispatch/journey/router.rb:35:in `serve'
actionpack (5.2.8.1) lib/action_dispatch/routing/route_set.rb:840:in `call'
rack (2.2.4) lib/rack/tempfile_reaper.rb:15:in `call'
rack (2.2.4) lib/rack/etag.rb:27:in `call'
rack (2.2.4) lib/rack/conditional_get.rb:27:in `call'
rack (2.2.4) lib/rack/head.rb:12:in `call'
actionpack (5.2.8.1) lib/action_dispatch/http/content_security_policy.rb:18:in `call'
rack (2.2.4) lib/rack/session/abstract/id.rb:266:in `context'
rack (2.2.4) lib/rack/session/abstract/id.rb:260:in `call'
actionpack (5.2.8.1) lib/action_dispatch/middleware/cookies.rb:670:in `call'
activerecord (5.2.8.1) lib/active_record/migration.rb:559:in `call'
actionpack (5.2.8.1) lib/action_dispatch/middleware/callbacks.rb:28:in `block in call'
activesupport (5.2.8.1) lib/active_support/callbacks.rb:98:in `run_callbacks'
actionpack (5.2.8.1) lib/action_dispatch/middleware/callbacks.rb:26:in `call'
actionpack (5.2.8.1) lib/action_dispatch/middleware/executor.rb:14:in `call'
actionpack (5.2.8.1) lib/action_dispatch/middleware/debug_exceptions.rb:61:in `call'
web-console (3.7.0) lib/web_console/middleware.rb:135:in `call_app'
web-console (3.7.0) lib/web_console/middleware.rb:30:in `block in call'
web-console (3.7.0) lib/web_console/middleware.rb:20:in `catch'
web-console (3.7.0) lib/web_console/middleware.rb:20:in `call'
actionpack (5.2.8.1) lib/action_dispatch/middleware/show_exceptions.rb:33:in `call'
railties (5.2.8.1) lib/rails/rack/logger.rb:38:in `call_app'
railties (5.2.8.1) lib/rails/rack/logger.rb:26:in `block in call'
activesupport (5.2.8.1) lib/active_support/tagged_logging.rb:71:in `block in tagged'
activesupport (5.2.8.1) lib/active_support/tagged_logging.rb:28:in `tagged'
activesupport (5.2.8.1) lib/active_support/tagged_logging.rb:71:in `tagged'
railties (5.2.8.1) lib/rails/rack/logger.rb:26:in `call'
sprockets-rails (3.4.2) lib/sprockets/rails/quiet_assets.rb:13:in `call'
actionpack (5.2.8.1) lib/action_dispatch/middleware/remote_ip.rb:81:in `call'
actionpack (5.2.8.1) lib/action_dispatch/middleware/request_id.rb:27:in `call'
rack (2.2.4) lib/rack/method_override.rb:24:in `call'
rack (2.2.4) lib/rack/runtime.rb:22:in `call'
activesupport (5.2.8.1) lib/active_support/cache/strategy/local_cache_middleware.rb:29:in `call'
actionpack (5.2.8.1) lib/action_dispatch/middleware/executor.rb:14:in `call'
actionpack (5.2.8.1) lib/action_dispatch/middleware/static.rb:127:in `call'
rack (2.2.4) lib/rack/sendfile.rb:110:in `call'
railties (5.2.8.1) lib/rails/engine.rb:524:in `call'
puma (3.12.6) lib/puma/configuration.rb:227:in `call'
puma (3.12.6) lib/puma/server.rb:706:in `handle_request'
puma (3.12.6) lib/puma/server.rb:476:in `process_client'
puma (3.12.6) lib/puma/server.rb:334:in `block in run'
puma (3.12.6) lib/puma/thread_pool.rb:135:in `block in spawn_thread'
Started GET "/students.json" for ::1 at 2022-08-28 00:18:10 +0500
Processing by StudentsController#index as JSON
  Rendering students/index.json.jbuilder
  [1m[36mStudent Load (0.2ms)[0m  [1m[34mSELECT "students".* FROM "students"[0m
  ↳ app/views/students/index.json.jbuilder:1
  Rendered students/_student.json.jbuilder (0.9ms)
  Rendered students/index.json.jbuilder (3.6ms)
Completed 200 OK in 7ms (Views: 5.4ms | ActiveRecord: 0.2ms)


Started GET "/session_management/index" for ::1 at 2022-09-06 17:33:28 +0500
  [1m[35m (0.1ms)[0m  [1m[34mSELECT "schema_migrations"."version" FROM "schema_migrations" ORDER BY "schema_migrations"."version" ASC[0m
  ↳ /var/lib/gems/2.7.0/gems/activerecord-5.2.8.1/lib/active_record/log_subscriber.rb:98
Processing by SessionManagementController#index as HTML
  Rendering session_management/index.html.erb within layouts/application
  Rendered session_management/index.html.erb within layouts/application (0.5ms)
Completed 200 OK in 129ms (Views: 126.3ms | ActiveRecord: 0.0ms)


Started GET "/session_management/show" for ::1 at 2022-09-06 17:34:31 +0500
Processing by SessionManagementController#show as HTML
  Rendering session_management/show.html.erb within layouts/application
  Rendered session_management/show.html.erb within layouts/application (0.5ms)
Completed 200 OK in 70ms (Views: 68.7ms | ActiveRecord: 0.0ms)


Started GET "/session_management/destroy" for ::1 at 2022-09-06 17:34:40 +0500
Processing by SessionManagementController#destroy as HTML
  Rendering session_management/destroy.html.erb within layouts/application
  Rendered session_management/destroy.html.erb within layouts/application (0.5ms)
Completed 200 OK in 56ms (Views: 53.7ms | ActiveRecord: 0.0ms)


Started GET "/session_management/show" for ::1 at 2022-09-06 17:34:43 +0500
Processing by SessionManagementController#show as HTML
  Rendering session_management/show.html.erb within layouts/application
  Rendered session_management/show.html.erb within layouts/application (0.4ms)
Completed 200 OK in 15ms (Views: 13.7ms | ActiveRecord: 0.0ms)


Started GET "/cookies_management/create_cookie" for ::1 at 2022-09-06 17:35:28 +0500
Processing by CookiesManagementController#create_cookie as HTML
  Rendering cookies_management/create_cookie.html.erb within layouts/application
  Rendered cookies_management/create_cookie.html.erb within layouts/application (0.4ms)
Completed 200 OK in 18ms (Views: 16.7ms | ActiveRecord: 0.0ms)


Started GET "/session_management/new_flash" for ::1 at 2022-09-06 17:38:25 +0500
Processing by SessionManagementController#new_flash as HTML
  Rendering session_management/new_flash.html.erb within layouts/application
  Rendered session_management/new_flash.html.erb within layouts/application (0.3ms)
Completed 200 OK in 16ms (Views: 13.6ms | ActiveRecord: 0.0ms)


Started GET "/session_management/show_flash" for ::1 at 2022-09-06 17:38:32 +0500
Processing by SessionManagementController#show_flash as HTML
  Rendering session_management/show_flash.html.erb within layouts/application
  Rendered session_management/show_flash.html.erb within layouts/application (1.1ms)
Completed 200 OK in 15ms (Views: 13.2ms | ActiveRecord: 0.0ms)


Started GET "/session_management/next_request" for ::1 at 2022-09-06 17:38:43 +0500
Processing by SessionManagementController#next_request as HTML
  Rendering session_management/next_request.html.erb within layouts/application
  Rendered session_management/next_request.html.erb within layouts/application (0.5ms)
Completed 200 OK in 16ms (Views: 14.6ms | ActiveRecord: 0.0ms)


Started GET "/session_management/index" for ::1 at 2022-09-06 17:39:33 +0500
Processing by SessionManagementController#index as HTML
  Rendering session_management/index.html.erb within layouts/application
  Rendered session_management/index.html.erb within layouts/application (0.4ms)
Completed 200 OK in 20ms (Views: 18.8ms | ActiveRecord: 0.0ms)


Started GET "/session_management/show" for ::1 at 2022-09-06 17:40:10 +0500
Processing by SessionManagementController#show as HTML
  Rendering session_management/show.html.erb within layouts/application
  Rendered session_management/show.html.erb within layouts/application (0.4ms)
Completed 200 OK in 23ms (Views: 21.7ms | ActiveRecord: 0.0ms)


Started GET "/session_management/show" for ::1 at 2022-09-06 17:40:35 +0500
Processing by SessionManagementController#show as HTML
  Rendering session_management/show.html.erb within layouts/application
  Rendered session_management/show.html.erb within layouts/application (0.4ms)
Completed 200 OK in 15ms (Views: 13.8ms | ActiveRecord: 0.0ms)


Started GET "/session_management/show" for ::1 at 2022-09-06 17:41:17 +0500
Processing by SessionManagementController#show as HTML
  Rendering session_management/show.html.erb within layouts/application
  Rendered session_management/show.html.erb within layouts/application (0.3ms)
Completed 200 OK in 16ms (Views: 14.1ms | ActiveRecord: 0.0ms)


Started GET "/session_management/index" for ::1 at 2022-09-06 17:41:32 +0500
Processing by SessionManagementController#index as HTML
  Rendering session_management/index.html.erb within layouts/application
  Rendered session_management/index.html.erb within layouts/application (0.8ms)
Completed 200 OK in 17ms (Views: 16.6ms | ActiveRecord: 0.0ms)


Started GET "/session_management/show" for ::1 at 2022-09-06 17:41:35 +0500
Processing by SessionManagementController#show as HTML
  Rendering session_management/show.html.erb within layouts/application
  Rendered session_management/show.html.erb within layouts/application (0.4ms)
Completed 200 OK in 15ms (Views: 13.5ms | ActiveRecord: 0.0ms)


Started GET "/cookies_management/create_cookie" for ::1 at 2022-09-06 17:42:30 +0500
Processing by CookiesManagementController#create_cookie as HTML
  Rendering cookies_management/create_cookie.html.erb within layouts/application
  Rendered cookies_management/create_cookie.html.erb within layouts/application (0.2ms)
Completed 200 OK in 16ms (Views: 14.4ms | ActiveRecord: 0.0ms)


Started GET "/cookies_management/show_cookie" for ::1 at 2022-09-06 17:42:46 +0500
Processing by CookiesManagementController#show_cookie as HTML
  Rendering cookies_management/show_cookie.html.erb within layouts/application
  Rendered cookies_management/show_cookie.html.erb within layouts/application (1.1ms)
Completed 200 OK in 17ms (Views: 14.6ms | ActiveRecord: 0.0ms)


Started GET "/cookies_management/show_cookie" for ::1 at 2022-09-06 17:43:23 +0500
Processing by CookiesManagementController#show_cookie as HTML
  Rendering cookies_management/show_cookie.html.erb within layouts/application
  Rendered cookies_management/show_cookie.html.erb within layouts/application (1.0ms)
Completed 200 OK in 17ms (Views: 16.0ms | ActiveRecord: 0.0ms)


Started GET "/cookies_management/show_cookie" for ::1 at 2022-09-06 17:43:27 +0500
Processing by CookiesManagementController#show_cookie as HTML
  Rendering cookies_management/show_cookie.html.erb within layouts/application
  Rendered cookies_management/show_cookie.html.erb within layouts/application (0.7ms)
Completed 200 OK in 16ms (Views: 15.3ms | ActiveRecord: 0.0ms)


