  [1m[35m (0.1ms)[0m  [1m[34mSELECT sqlite_version(*)[0m
  ↳ bin/rails:4
  [1m[35m (11.7ms)[0m  [1m[35mCREATE TABLE "schema_migrations" ("version" varchar NOT NULL PRIMARY KEY)[0m
  ↳ bin/rails:4
  [1m[35m (1.6ms)[0m  [1m[35mCREATE TABLE "ar_internal_metadata" ("key" varchar NOT NULL PRIMARY KEY, "value" varchar, "created_at" datetime NOT NULL, "updated_at" datetime NOT NULL)[0m
  ↳ bin/rails:4
  [1m[35m (0.1ms)[0m  [1m[34mSELECT "schema_migrations"."version" FROM "schema_migrations" ORDER BY "schema_migrations"."version" ASC[0m
  ↳ bin/rails:4
Migrating to CreateUsers (20220913121523)
  [1m[35m (0.0ms)[0m  [1m[36mbegin transaction[0m
  ↳ bin/rails:4
  [1m[35m (0.2ms)[0m  [1m[35mCREATE TABLE "users" ("id" integer PRIMARY KEY AUTOINCREMENT NOT NULL, "username" varchar, "created_at" datetime NOT NULL, "updated_at" datetime NOT NULL)[0m
  ↳ db/migrate/20220913121523_create_users.rb:3
  [1m[36mActiveRecord::SchemaMigration Create (0.1ms)[0m  [1m[32mINSERT INTO "schema_migrations" ("version") VALUES (?)[0m  [["version", "20220913121523"]]
  ↳ bin/rails:4
  [1m[35m (2.4ms)[0m  [1m[36mcommit transaction[0m
  ↳ bin/rails:4
Migrating to CreateFollows (20220913121631)
  [1m[35m (0.1ms)[0m  [1m[36mbegin transaction[0m
  ↳ bin/rails:4
  [1m[35m (0.2ms)[0m  [1m[35mCREATE TABLE "follows" ("id" integer PRIMARY KEY AUTOINCREMENT NOT NULL, "follower_id" integer, "followed_user_id" integer, "created_at" datetime NOT NULL, "updated_at" datetime NOT NULL)[0m
  ↳ db/migrate/20220913121631_create_follows.rb:3
  [1m[36mActiveRecord::SchemaMigration Create (0.1ms)[0m  [1m[32mINSERT INTO "schema_migrations" ("version") VALUES (?)[0m  [["version", "20220913121631"]]
  ↳ bin/rails:4
  [1m[35m (2.0ms)[0m  [1m[36mcommit transaction[0m
  ↳ bin/rails:4
  [1m[36mActiveRecord::InternalMetadata Load (0.1ms)[0m  [1m[34mSELECT  "ar_internal_metadata".* FROM "ar_internal_metadata" WHERE "ar_internal_metadata"."key" = ? LIMIT ?[0m  [["key", "environment"], ["LIMIT", 1]]
  ↳ bin/rails:4
  [1m[35m (0.0ms)[0m  [1m[36mbegin transaction[0m
  ↳ bin/rails:4
  [1m[36mActiveRecord::InternalMetadata Create (0.2ms)[0m  [1m[32mINSERT INTO "ar_internal_metadata" ("key", "value", "created_at", "updated_at") VALUES (?, ?, ?, ?)[0m  [["key", "environment"], ["value", "development"], ["created_at", "2022-09-13 12:16:39.720909"], ["updated_at", "2022-09-13 12:16:39.720909"]]
  ↳ bin/rails:4
  [1m[35m (1.4ms)[0m  [1m[36mcommit transaction[0m
  ↳ bin/rails:4
  [1m[35m (0.1ms)[0m  [1m[34mSELECT "schema_migrations"."version" FROM "schema_migrations" ORDER BY "schema_migrations"."version" ASC[0m
  ↳ bin/rails:4
  [1m[35m (0.1ms)[0m  [1m[34mSELECT "schema_migrations"."version" FROM "schema_migrations" ORDER BY "schema_migrations"."version" ASC[0m
  ↳ bin/rails:4
Migrating to CreateFollows (20220913134819)
  [1m[35m (0.0ms)[0m  [1m[36mbegin transaction[0m
  ↳ bin/rails:4
  [1m[35m (0.0ms)[0m  [1m[34mSELECT sqlite_version(*)[0m
  ↳ db/migrate/20220913134819_create_follows.rb:3
  [1m[35m (0.2ms)[0m  [1m[35mCREATE TABLE "follows" ("id" integer PRIMARY KEY AUTOINCREMENT NOT NULL, "follower_id" integer, "followee_id" integer, "created_at" datetime NOT NULL, "updated_at" datetime NOT NULL)[0m
  ↳ db/migrate/20220913134819_create_follows.rb:3
  [1m[36mActiveRecord::SchemaMigration Create (0.1ms)[0m  [1m[32mINSERT INTO "schema_migrations" ("version") VALUES (?)[0m  [["version", "20220913134819"]]
  ↳ bin/rails:4
  [1m[35m (1.5ms)[0m  [1m[36mcommit transaction[0m
  ↳ bin/rails:4
  [1m[36mActiveRecord::InternalMetadata Load (0.1ms)[0m  [1m[34mSELECT  "ar_internal_metadata".* FROM "ar_internal_metadata" WHERE "ar_internal_metadata"."key" = ? LIMIT ?[0m  [["key", "environment"], ["LIMIT", 1]]
  ↳ bin/rails:4
  [1m[35m (0.0ms)[0m  [1m[36mbegin transaction[0m
  ↳ bin/rails:4
  [1m[35m (0.0ms)[0m  [1m[36mcommit transaction[0m
  ↳ bin/rails:4
  [1m[35m (0.1ms)[0m  [1m[34mSELECT "schema_migrations"."version" FROM "schema_migrations" ORDER BY "schema_migrations"."version" ASC[0m
  ↳ bin/rails:4
  [1m[35m (0.1ms)[0m  [1m[34mSELECT "schema_migrations"."version" FROM "schema_migrations" ORDER BY "schema_migrations"."version" ASC[0m
  ↳ bin/rails:4
  [1m[35m (0.0ms)[0m  [1m[36mbegin transaction[0m
  ↳ db/seeds.rb:10
  [1m[36mUser Create (0.2ms)[0m  [1m[32mINSERT INTO "users" ("username", "created_at", "updated_at") VALUES (?, ?, ?)[0m  [["username", "Nouman"], ["created_at", "2022-09-13 14:20:26.143861"], ["updated_at", "2022-09-13 14:20:26.143861"]]
  ↳ db/seeds.rb:10
  [1m[35m (1.8ms)[0m  [1m[36mcommit transaction[0m
  ↳ db/seeds.rb:10
  [1m[35m (0.1ms)[0m  [1m[36mbegin transaction[0m
  ↳ db/seeds.rb:11
  [1m[36mUser Create (0.4ms)[0m  [1m[32mINSERT INTO "users" ("username", "created_at", "updated_at") VALUES (?, ?, ?)[0m  [["username", "Anas"], ["created_at", "2022-09-13 14:20:26.147448"], ["updated_at", "2022-09-13 14:20:26.147448"]]
  ↳ db/seeds.rb:11
  [1m[35m (1.3ms)[0m  [1m[36mcommit transaction[0m
  ↳ db/seeds.rb:11
  [1m[35m (0.0ms)[0m  [1m[36mbegin transaction[0m
  ↳ db/seeds.rb:12
  [1m[36mUser Create (0.1ms)[0m  [1m[32mINSERT INTO "users" ("username", "created_at", "updated_at") VALUES (?, ?, ?)[0m  [["username", "Usman"], ["created_at", "2022-09-13 14:20:26.150299"], ["updated_at", "2022-09-13 14:20:26.150299"]]
  ↳ db/seeds.rb:12
  [1m[35m (1.4ms)[0m  [1m[36mcommit transaction[0m
  ↳ db/seeds.rb:12
  [1m[35m (0.0ms)[0m  [1m[36mbegin transaction[0m
  ↳ db/seeds.rb:13
  [1m[36mUser Create (0.1ms)[0m  [1m[32mINSERT INTO "users" ("username", "created_at", "updated_at") VALUES (?, ?, ?)[0m  [["username", "Asad"], ["created_at", "2022-09-13 14:20:26.153051"], ["updated_at", "2022-09-13 14:20:26.153051"]]
  ↳ db/seeds.rb:13
  [1m[35m (1.2ms)[0m  [1m[36mcommit transaction[0m
  ↳ db/seeds.rb:13
  [1m[35m (0.0ms)[0m  [1m[36mbegin transaction[0m
  ↳ db/seeds.rb:14
  [1m[36mUser Create (0.1ms)[0m  [1m[32mINSERT INTO "users" ("username", "created_at", "updated_at") VALUES (?, ?, ?)[0m  [["username", "Hasnain"], ["created_at", "2022-09-13 14:20:26.155415"], ["updated_at", "2022-09-13 14:20:26.155415"]]
  ↳ db/seeds.rb:14
  [1m[35m (1.2ms)[0m  [1m[36mcommit transaction[0m
  ↳ db/seeds.rb:14
Started GET "/" for ::1 at 2022-09-13 19:24:55 +0500
  [1m[35m (0.2ms)[0m  [1m[34mSELECT "schema_migrations"."version" FROM "schema_migrations" ORDER BY "schema_migrations"."version" ASC[0m
  ↳ vendor/bundle/ruby/2.7.0/gems/activerecord-5.2.8.1/lib/active_record/log_subscriber.rb:98
Processing by Rails::WelcomeController#index as HTML
  Rendering vendor/bundle/ruby/2.7.0/gems/railties-5.2.8.1/lib/rails/templates/rails/welcome/index.html.erb
  Rendered vendor/bundle/ruby/2.7.0/gems/railties-5.2.8.1/lib/rails/templates/rails/welcome/index.html.erb (3.9ms)
Completed 200 OK in 25ms (Views: 9.4ms | ActiveRecord: 0.0ms)


Started GET "/p/1" for ::1 at 2022-09-13 19:24:59 +0500
  
ActionController::RoutingError (uninitialized constant ProfileController):
  
vendor/bundle/ruby/2.7.0/gems/activesupport-5.2.8.1/lib/active_support/inflector/methods.rb:283:in `const_get'
vendor/bundle/ruby/2.7.0/gems/activesupport-5.2.8.1/lib/active_support/inflector/methods.rb:283:in `block in constantize'
vendor/bundle/ruby/2.7.0/gems/activesupport-5.2.8.1/lib/active_support/inflector/methods.rb:281:in `each'
vendor/bundle/ruby/2.7.0/gems/activesupport-5.2.8.1/lib/active_support/inflector/methods.rb:281:in `inject'
vendor/bundle/ruby/2.7.0/gems/activesupport-5.2.8.1/lib/active_support/inflector/methods.rb:281:in `constantize'
vendor/bundle/ruby/2.7.0/gems/actionpack-5.2.8.1/lib/action_dispatch/http/request.rb:88:in `controller_class_for'
vendor/bundle/ruby/2.7.0/gems/actionpack-5.2.8.1/lib/action_dispatch/http/request.rb:81:in `controller_class'
vendor/bundle/ruby/2.7.0/gems/actionpack-5.2.8.1/lib/action_dispatch/routing/route_set.rb:46:in `controller'
vendor/bundle/ruby/2.7.0/gems/actionpack-5.2.8.1/lib/action_dispatch/routing/route_set.rb:32:in `serve'
vendor/bundle/ruby/2.7.0/gems/actionpack-5.2.8.1/lib/action_dispatch/journey/router.rb:52:in `block in serve'
vendor/bundle/ruby/2.7.0/gems/actionpack-5.2.8.1/lib/action_dispatch/journey/router.rb:35:in `each'
vendor/bundle/ruby/2.7.0/gems/actionpack-5.2.8.1/lib/action_dispatch/journey/router.rb:35:in `serve'
vendor/bundle/ruby/2.7.0/gems/actionpack-5.2.8.1/lib/action_dispatch/routing/route_set.rb:840:in `call'
vendor/bundle/ruby/2.7.0/gems/rack-2.2.4/lib/rack/tempfile_reaper.rb:15:in `call'
vendor/bundle/ruby/2.7.0/gems/rack-2.2.4/lib/rack/etag.rb:27:in `call'
vendor/bundle/ruby/2.7.0/gems/rack-2.2.4/lib/rack/conditional_get.rb:27:in `call'
vendor/bundle/ruby/2.7.0/gems/rack-2.2.4/lib/rack/head.rb:12:in `call'
vendor/bundle/ruby/2.7.0/gems/actionpack-5.2.8.1/lib/action_dispatch/http/content_security_policy.rb:18:in `call'
vendor/bundle/ruby/2.7.0/gems/rack-2.2.4/lib/rack/session/abstract/id.rb:266:in `context'
vendor/bundle/ruby/2.7.0/gems/rack-2.2.4/lib/rack/session/abstract/id.rb:260:in `call'
vendor/bundle/ruby/2.7.0/gems/actionpack-5.2.8.1/lib/action_dispatch/middleware/cookies.rb:670:in `call'
vendor/bundle/ruby/2.7.0/gems/activerecord-5.2.8.1/lib/active_record/migration.rb:559:in `call'
vendor/bundle/ruby/2.7.0/gems/actionpack-5.2.8.1/lib/action_dispatch/middleware/callbacks.rb:28:in `block in call'
vendor/bundle/ruby/2.7.0/gems/activesupport-5.2.8.1/lib/active_support/callbacks.rb:98:in `run_callbacks'
vendor/bundle/ruby/2.7.0/gems/actionpack-5.2.8.1/lib/action_dispatch/middleware/callbacks.rb:26:in `call'
vendor/bundle/ruby/2.7.0/gems/actionpack-5.2.8.1/lib/action_dispatch/middleware/executor.rb:14:in `call'
vendor/bundle/ruby/2.7.0/gems/actionpack-5.2.8.1/lib/action_dispatch/middleware/debug_exceptions.rb:61:in `call'
vendor/bundle/ruby/2.7.0/gems/web-console-3.7.0/lib/web_console/middleware.rb:135:in `call_app'
vendor/bundle/ruby/2.7.0/gems/web-console-3.7.0/lib/web_console/middleware.rb:30:in `block in call'
vendor/bundle/ruby/2.7.0/gems/web-console-3.7.0/lib/web_console/middleware.rb:20:in `catch'
vendor/bundle/ruby/2.7.0/gems/web-console-3.7.0/lib/web_console/middleware.rb:20:in `call'
vendor/bundle/ruby/2.7.0/gems/actionpack-5.2.8.1/lib/action_dispatch/middleware/show_exceptions.rb:33:in `call'
vendor/bundle/ruby/2.7.0/gems/railties-5.2.8.1/lib/rails/rack/logger.rb:38:in `call_app'
vendor/bundle/ruby/2.7.0/gems/railties-5.2.8.1/lib/rails/rack/logger.rb:26:in `block in call'
vendor/bundle/ruby/2.7.0/gems/activesupport-5.2.8.1/lib/active_support/tagged_logging.rb:71:in `block in tagged'
vendor/bundle/ruby/2.7.0/gems/activesupport-5.2.8.1/lib/active_support/tagged_logging.rb:28:in `tagged'
vendor/bundle/ruby/2.7.0/gems/activesupport-5.2.8.1/lib/active_support/tagged_logging.rb:71:in `tagged'
vendor/bundle/ruby/2.7.0/gems/railties-5.2.8.1/lib/rails/rack/logger.rb:26:in `call'
vendor/bundle/ruby/2.7.0/gems/sprockets-rails-3.4.2/lib/sprockets/rails/quiet_assets.rb:13:in `call'
vendor/bundle/ruby/2.7.0/gems/actionpack-5.2.8.1/lib/action_dispatch/middleware/remote_ip.rb:81:in `call'
vendor/bundle/ruby/2.7.0/gems/actionpack-5.2.8.1/lib/action_dispatch/middleware/request_id.rb:27:in `call'
vendor/bundle/ruby/2.7.0/gems/rack-2.2.4/lib/rack/method_override.rb:24:in `call'
vendor/bundle/ruby/2.7.0/gems/rack-2.2.4/lib/rack/runtime.rb:22:in `call'
vendor/bundle/ruby/2.7.0/gems/activesupport-5.2.8.1/lib/active_support/cache/strategy/local_cache_middleware.rb:29:in `call'
vendor/bundle/ruby/2.7.0/gems/actionpack-5.2.8.1/lib/action_dispatch/middleware/executor.rb:14:in `call'
vendor/bundle/ruby/2.7.0/gems/actionpack-5.2.8.1/lib/action_dispatch/middleware/static.rb:127:in `call'
vendor/bundle/ruby/2.7.0/gems/rack-2.2.4/lib/rack/sendfile.rb:110:in `call'
vendor/bundle/ruby/2.7.0/gems/railties-5.2.8.1/lib/rails/engine.rb:524:in `call'
vendor/bundle/ruby/2.7.0/gems/puma-3.12.6/lib/puma/configuration.rb:227:in `call'
vendor/bundle/ruby/2.7.0/gems/puma-3.12.6/lib/puma/server.rb:706:in `handle_request'
vendor/bundle/ruby/2.7.0/gems/puma-3.12.6/lib/puma/server.rb:476:in `process_client'
vendor/bundle/ruby/2.7.0/gems/puma-3.12.6/lib/puma/server.rb:334:in `block in run'
vendor/bundle/ruby/2.7.0/gems/puma-3.12.6/lib/puma/thread_pool.rb:135:in `block in spawn_thread'
Started GET "/p/1" for ::1 at 2022-09-13 19:25:27 +0500
Processing by UsersController#show as HTML
  Parameters: {"id"=>"1"}
  [1m[36mUser Load (0.2ms)[0m  [1m[34mSELECT  "users".* FROM "users" WHERE "users"."id" = ? LIMIT ?[0m  [["id", 1], ["LIMIT", 1]]
  ↳ app/controllers/users_controller.rb:15
Completed 406 Not Acceptable in 23ms (ActiveRecord: 1.2ms)


  
ActionController::UnknownFormat (UsersController#show is missing a template for this request format and variant.

request.formats: ["text/html"]
request.variant: []

NOTE! For XHR/Ajax or API requests, this action would normally respond with 204 No Content: an empty white screen. Since you're loading it in a web browser, we assume that you expected to actually render a template, not nothing, so we're showing an error to be extra-clear. If you expect 204 No Content, carry on. That's what you'll get from an XHR or API request. Give it a shot.):
  
vendor/bundle/ruby/2.7.0/gems/actionpack-5.2.8.1/lib/action_controller/metal/implicit_render.rb:55:in `default_render'
vendor/bundle/ruby/2.7.0/gems/actionpack-5.2.8.1/lib/action_controller/metal/basic_implicit_render.rb:6:in `block in send_action'
vendor/bundle/ruby/2.7.0/gems/actionpack-5.2.8.1/lib/action_controller/metal/basic_implicit_render.rb:6:in `tap'
vendor/bundle/ruby/2.7.0/gems/actionpack-5.2.8.1/lib/action_controller/metal/basic_implicit_render.rb:6:in `send_action'
vendor/bundle/ruby/2.7.0/gems/actionpack-5.2.8.1/lib/abstract_controller/base.rb:194:in `process_action'
vendor/bundle/ruby/2.7.0/gems/actionpack-5.2.8.1/lib/action_controller/metal/rendering.rb:30:in `process_action'
vendor/bundle/ruby/2.7.0/gems/actionpack-5.2.8.1/lib/abstract_controller/callbacks.rb:42:in `block in process_action'
vendor/bundle/ruby/2.7.0/gems/activesupport-5.2.8.1/lib/active_support/callbacks.rb:132:in `run_callbacks'
vendor/bundle/ruby/2.7.0/gems/actionpack-5.2.8.1/lib/abstract_controller/callbacks.rb:41:in `process_action'
vendor/bundle/ruby/2.7.0/gems/actionpack-5.2.8.1/lib/action_controller/metal/rescue.rb:22:in `process_action'
vendor/bundle/ruby/2.7.0/gems/actionpack-5.2.8.1/lib/action_controller/metal/instrumentation.rb:34:in `block in process_action'
vendor/bundle/ruby/2.7.0/gems/activesupport-5.2.8.1/lib/active_support/notifications.rb:168:in `block in instrument'
vendor/bundle/ruby/2.7.0/gems/activesupport-5.2.8.1/lib/active_support/notifications/instrumenter.rb:23:in `instrument'
vendor/bundle/ruby/2.7.0/gems/activesupport-5.2.8.1/lib/active_support/notifications.rb:168:in `instrument'
vendor/bundle/ruby/2.7.0/gems/actionpack-5.2.8.1/lib/action_controller/metal/instrumentation.rb:32:in `process_action'
vendor/bundle/ruby/2.7.0/gems/actionpack-5.2.8.1/lib/action_controller/metal/params_wrapper.rb:256:in `process_action'
vendor/bundle/ruby/2.7.0/gems/activerecord-5.2.8.1/lib/active_record/railties/controller_runtime.rb:24:in `process_action'
vendor/bundle/ruby/2.7.0/gems/actionpack-5.2.8.1/lib/abstract_controller/base.rb:134:in `process'
vendor/bundle/ruby/2.7.0/gems/actionview-5.2.8.1/lib/action_view/rendering.rb:32:in `process'
vendor/bundle/ruby/2.7.0/gems/actionpack-5.2.8.1/lib/action_controller/metal.rb:191:in `dispatch'
vendor/bundle/ruby/2.7.0/gems/actionpack-5.2.8.1/lib/action_controller/metal.rb:252:in `dispatch'
vendor/bundle/ruby/2.7.0/gems/actionpack-5.2.8.1/lib/action_dispatch/routing/route_set.rb:52:in `dispatch'
vendor/bundle/ruby/2.7.0/gems/actionpack-5.2.8.1/lib/action_dispatch/routing/route_set.rb:34:in `serve'
vendor/bundle/ruby/2.7.0/gems/actionpack-5.2.8.1/lib/action_dispatch/journey/router.rb:52:in `block in serve'
vendor/bundle/ruby/2.7.0/gems/actionpack-5.2.8.1/lib/action_dispatch/journey/router.rb:35:in `each'
vendor/bundle/ruby/2.7.0/gems/actionpack-5.2.8.1/lib/action_dispatch/journey/router.rb:35:in `serve'
vendor/bundle/ruby/2.7.0/gems/actionpack-5.2.8.1/lib/action_dispatch/routing/route_set.rb:840:in `call'
vendor/bundle/ruby/2.7.0/gems/rack-2.2.4/lib/rack/tempfile_reaper.rb:15:in `call'
vendor/bundle/ruby/2.7.0/gems/rack-2.2.4/lib/rack/etag.rb:27:in `call'
vendor/bundle/ruby/2.7.0/gems/rack-2.2.4/lib/rack/conditional_get.rb:27:in `call'
vendor/bundle/ruby/2.7.0/gems/rack-2.2.4/lib/rack/head.rb:12:in `call'
vendor/bundle/ruby/2.7.0/gems/actionpack-5.2.8.1/lib/action_dispatch/http/content_security_policy.rb:18:in `call'
vendor/bundle/ruby/2.7.0/gems/rack-2.2.4/lib/rack/session/abstract/id.rb:266:in `context'
vendor/bundle/ruby/2.7.0/gems/rack-2.2.4/lib/rack/session/abstract/id.rb:260:in `call'
vendor/bundle/ruby/2.7.0/gems/actionpack-5.2.8.1/lib/action_dispatch/middleware/cookies.rb:670:in `call'
vendor/bundle/ruby/2.7.0/gems/activerecord-5.2.8.1/lib/active_record/migration.rb:559:in `call'
vendor/bundle/ruby/2.7.0/gems/actionpack-5.2.8.1/lib/action_dispatch/middleware/callbacks.rb:28:in `block in call'
vendor/bundle/ruby/2.7.0/gems/activesupport-5.2.8.1/lib/active_support/callbacks.rb:98:in `run_callbacks'
vendor/bundle/ruby/2.7.0/gems/actionpack-5.2.8.1/lib/action_dispatch/middleware/callbacks.rb:26:in `call'
vendor/bundle/ruby/2.7.0/gems/actionpack-5.2.8.1/lib/action_dispatch/middleware/executor.rb:14:in `call'
vendor/bundle/ruby/2.7.0/gems/actionpack-5.2.8.1/lib/action_dispatch/middleware/debug_exceptions.rb:61:in `call'
vendor/bundle/ruby/2.7.0/gems/web-console-3.7.0/lib/web_console/middleware.rb:135:in `call_app'
vendor/bundle/ruby/2.7.0/gems/web-console-3.7.0/lib/web_console/middleware.rb:30:in `block in call'
vendor/bundle/ruby/2.7.0/gems/web-console-3.7.0/lib/web_console/middleware.rb:20:in `catch'
vendor/bundle/ruby/2.7.0/gems/web-console-3.7.0/lib/web_console/middleware.rb:20:in `call'
vendor/bundle/ruby/2.7.0/gems/actionpack-5.2.8.1/lib/action_dispatch/middleware/show_exceptions.rb:33:in `call'
vendor/bundle/ruby/2.7.0/gems/railties-5.2.8.1/lib/rails/rack/logger.rb:38:in `call_app'
vendor/bundle/ruby/2.7.0/gems/railties-5.2.8.1/lib/rails/rack/logger.rb:26:in `block in call'
vendor/bundle/ruby/2.7.0/gems/activesupport-5.2.8.1/lib/active_support/tagged_logging.rb:71:in `block in tagged'
vendor/bundle/ruby/2.7.0/gems/activesupport-5.2.8.1/lib/active_support/tagged_logging.rb:28:in `tagged'
vendor/bundle/ruby/2.7.0/gems/activesupport-5.2.8.1/lib/active_support/tagged_logging.rb:71:in `tagged'
vendor/bundle/ruby/2.7.0/gems/railties-5.2.8.1/lib/rails/rack/logger.rb:26:in `call'
vendor/bundle/ruby/2.7.0/gems/sprockets-rails-3.4.2/lib/sprockets/rails/quiet_assets.rb:13:in `call'
vendor/bundle/ruby/2.7.0/gems/actionpack-5.2.8.1/lib/action_dispatch/middleware/remote_ip.rb:81:in `call'
vendor/bundle/ruby/2.7.0/gems/actionpack-5.2.8.1/lib/action_dispatch/middleware/request_id.rb:27:in `call'
vendor/bundle/ruby/2.7.0/gems/rack-2.2.4/lib/rack/method_override.rb:24:in `call'
vendor/bundle/ruby/2.7.0/gems/rack-2.2.4/lib/rack/runtime.rb:22:in `call'
vendor/bundle/ruby/2.7.0/gems/activesupport-5.2.8.1/lib/active_support/cache/strategy/local_cache_middleware.rb:29:in `call'
vendor/bundle/ruby/2.7.0/gems/actionpack-5.2.8.1/lib/action_dispatch/middleware/executor.rb:14:in `call'
vendor/bundle/ruby/2.7.0/gems/actionpack-5.2.8.1/lib/action_dispatch/middleware/static.rb:127:in `call'
vendor/bundle/ruby/2.7.0/gems/rack-2.2.4/lib/rack/sendfile.rb:110:in `call'
vendor/bundle/ruby/2.7.0/gems/railties-5.2.8.1/lib/rails/engine.rb:524:in `call'
vendor/bundle/ruby/2.7.0/gems/puma-3.12.6/lib/puma/configuration.rb:227:in `call'
vendor/bundle/ruby/2.7.0/gems/puma-3.12.6/lib/puma/server.rb:706:in `handle_request'
vendor/bundle/ruby/2.7.0/gems/puma-3.12.6/lib/puma/server.rb:476:in `process_client'
vendor/bundle/ruby/2.7.0/gems/puma-3.12.6/lib/puma/server.rb:334:in `block in run'
vendor/bundle/ruby/2.7.0/gems/puma-3.12.6/lib/puma/thread_pool.rb:135:in `block in spawn_thread'
Started GET "/p/1" for ::1 at 2022-09-13 19:26:06 +0500
Processing by UsersController#show as HTML
  Parameters: {"id"=>"1"}
  [1m[36mUser Load (0.2ms)[0m  [1m[34mSELECT  "users".* FROM "users" WHERE "users"."id" = ? LIMIT ?[0m  [["id", 1], ["LIMIT", 1]]
  ↳ app/controllers/users_controller.rb:15
  Rendering users/show.html.erb within layouts/application
  Rendered users/show.html.erb within layouts/application (0.4ms)
Completed 200 OK in 327ms (Views: 324.8ms | ActiveRecord: 0.2ms)


Started GET "/p/1" for ::1 at 2022-09-13 19:35:41 +0500
Processing by UsersController#show as HTML
  Parameters: {"id"=>"1"}
  [1m[36mUser Load (0.3ms)[0m  [1m[34mSELECT  "users".* FROM "users" WHERE "users"."id" = ? LIMIT ?[0m  [["id", 1], ["LIMIT", 1]]
  ↳ app/controllers/users_controller.rb:15
  Rendering users/show.html.erb within layouts/application
  Rendered users/show.html.erb within layouts/application (138.4ms)
Completed 500 Internal Server Error in 144ms (ActiveRecord: 0.3ms)


  
ActionView::Template::Error (undefined local variable or method `user' for #<#<Class:0x00007f7f70154db0>:0x00007f7f703f6be0>
Did you mean?  @user):
    1: 
    2: 
    3: <p>
    4: <%= user.username%>
    5: </p>
    6: 
    7: <%= render 'user/follower_count' , user: user %>
  
app/views/users/show.html.erb:4:in `_app_views_users_show_html_erb___4508287922414580068_17400'
Started GET "/p/1" for ::1 at 2022-09-13 19:36:09 +0500
Processing by UsersController#show as HTML
  Parameters: {"id"=>"1"}
  [1m[36mUser Load (0.2ms)[0m  [1m[34mSELECT  "users".* FROM "users" WHERE "users"."id" = ? LIMIT ?[0m  [["id", 1], ["LIMIT", 1]]
  ↳ app/controllers/users_controller.rb:15
  Rendering users/show.html.erb within layouts/application
  Rendered users/show.html.erb within layouts/application (109.2ms)
Completed 500 Internal Server Error in 115ms (ActiveRecord: 0.2ms)


  
ActionView::Template::Error (undefined local variable or method `user' for #<#<Class:0x00007f7f70154db0>:0x00007f7f716fd3d8>
Did you mean?  @user):
    4: <%= @user.username%>
    5: </p>
    6: 
    7: <%= render 'user/follower_count' , user: user %>
    8: <p>
    9:   <%= @user.followees.count %> following
   10: </p>
  
app/views/users/show.html.erb:7:in `_app_views_users_show_html_erb___4508287922414580068_18020'
Started GET "/p/1" for ::1 at 2022-09-13 19:36:30 +0500
Processing by UsersController#show as HTML
  Parameters: {"id"=>"1"}
  [1m[36mUser Load (0.2ms)[0m  [1m[34mSELECT  "users".* FROM "users" WHERE "users"."id" = ? LIMIT ?[0m  [["id", 1], ["LIMIT", 1]]
  ↳ app/controllers/users_controller.rb:15
  Rendering users/show.html.erb within layouts/application
  Rendered users/show.html.erb within layouts/application (2.4ms)
Completed 500 Internal Server Error in 7ms (ActiveRecord: 0.2ms)


  
ActionView::Template::Error (Missing partial user/_follower_count with {:locale=>[:en], :formats=>[:html], :variants=>[], :handlers=>[:raw, :erb, :html, :builder, :ruby, :coffee, :jbuilder]}. Searched in:
  * "/home/dev/Rails/Day 9/Rough/app/views"
):
    4: <%= @user.username%>
    5: </p>
    6: 
    7: <%= render 'user/follower_count' , user: @user %>
    8: <p>
    9:   <%= @user.followees.count %> following
   10: </p>
  
app/views/users/show.html.erb:7:in `_app_views_users_show_html_erb___4508287922414580068_18560'
Started GET "/p/1" for ::1 at 2022-09-13 19:37:03 +0500
Processing by UsersController#show as HTML
  Parameters: {"id"=>"1"}
  [1m[36mUser Load (0.3ms)[0m  [1m[34mSELECT  "users".* FROM "users" WHERE "users"."id" = ? LIMIT ?[0m  [["id", 1], ["LIMIT", 1]]
  ↳ app/controllers/users_controller.rb:15
  Rendering users/show.html.erb within layouts/application
  Rendered users/show.html.erb within layouts/application (1.8ms)
Completed 500 Internal Server Error in 8ms (ActiveRecord: 0.3ms)


  
SyntaxError (/home/dev/Rails/Day 9/Rough/app/views/users/show.html.erb:7: syntax error, unexpected ':', expecting ')'
... 'user/follower_count' , @user: @user );@output_buffer.safe_...
...                              ^
):
  
app/views/users/show.html.erb:7: syntax error, unexpected ':', expecting ')'
Started GET "/p/1" for ::1 at 2022-09-13 19:37:56 +0500
Processing by UsersController#show as HTML
  Parameters: {"id"=>"1"}
  [1m[36mUser Load (0.2ms)[0m  [1m[34mSELECT  "users".* FROM "users" WHERE "users"."id" = ? LIMIT ?[0m  [["id", 1], ["LIMIT", 1]]
  ↳ app/controllers/users_controller.rb:15
  Rendering users/show.html.erb within layouts/application
  Rendered users/show.html.erb within layouts/application (2.4ms)
Completed 500 Internal Server Error in 6ms (ActiveRecord: 0.2ms)


  
ActionView::Template::Error (Missing partial user/_follower_count with {:locale=>[:en], :formats=>[:html], :variants=>[], :handlers=>[:raw, :erb, :html, :builder, :ruby, :coffee, :jbuilder]}. Searched in:
  * "/home/dev/Rails/Day 9/Rough/app/views"
):
    4: <%= @user.username%>
    5: </p>
    6: 
    7: <% render 'user/follower_count'  %>
    8: 
    9: <p>  <%= pluralize(@user.followers.count, "follower" )  %> </p>
   10: <p> <%= @user.followees.count %> following  </p>
  
app/views/users/show.html.erb:7:in `_app_views_users_show_html_erb___4508287922414580068_19600'
Started GET "/p/1" for ::1 at 2022-09-13 19:37:58 +0500
Processing by UsersController#show as HTML
  Parameters: {"id"=>"1"}
  [1m[36mUser Load (0.2ms)[0m  [1m[34mSELECT  "users".* FROM "users" WHERE "users"."id" = ? LIMIT ?[0m  [["id", 1], ["LIMIT", 1]]
  ↳ app/controllers/users_controller.rb:15
  Rendering users/show.html.erb within layouts/application
  Rendered users/show.html.erb within layouts/application (1.8ms)
Completed 500 Internal Server Error in 6ms (ActiveRecord: 0.2ms)


  
ActionView::Template::Error (Missing partial user/_follower_count with {:locale=>[:en], :formats=>[:html], :variants=>[], :handlers=>[:raw, :erb, :html, :builder, :ruby, :coffee, :jbuilder]}. Searched in:
  * "/home/dev/Rails/Day 9/Rough/app/views"
):
    4: <%= @user.username%>
    5: </p>
    6: 
    7: <% render 'user/follower_count'  %>
    8: 
    9: <p>  <%= pluralize(@user.followers.count, "follower" )  %> </p>
   10: <p> <%= @user.followees.count %> following  </p>
  
app/views/users/show.html.erb:7:in `_app_views_users_show_html_erb___4508287922414580068_20120'
Started GET "/p/1" for ::1 at 2022-09-13 19:38:10 +0500
Processing by UsersController#show as HTML
  Parameters: {"id"=>"1"}
  [1m[36mUser Load (0.2ms)[0m  [1m[34mSELECT  "users".* FROM "users" WHERE "users"."id" = ? LIMIT ?[0m  [["id", 1], ["LIMIT", 1]]
  ↳ app/controllers/users_controller.rb:15
  Rendering users/show.html.erb within layouts/application
  [1m[35m (0.1ms)[0m  [1m[34mSELECT COUNT(*) FROM "users" INNER JOIN "follows" ON "users"."id" = "follows"."follower_id" WHERE "follows"."followee_id" = ?[0m  [["followee_id", 1]]
  ↳ app/views/users/show.html.erb:8
  [1m[35m (0.1ms)[0m  [1m[34mSELECT COUNT(*) FROM "users" INNER JOIN "follows" ON "users"."id" = "follows"."followee_id" WHERE "follows"."follower_id" = ?[0m  [["follower_id", 1]]
  ↳ app/views/users/show.html.erb:9
  Rendered users/show.html.erb within layouts/application (26.8ms)
Completed 200 OK in 42ms (Views: 38.3ms | ActiveRecord: 0.4ms)


  [1m[36mUser Load (0.1ms)[0m  [1m[34mSELECT  "users".* FROM "users" WHERE "users"."id" = ? LIMIT ?[0m  [["id", 1], ["LIMIT", 1]]
  [1m[35m (0.1ms)[0m  [1m[34mSELECT COUNT(*) FROM "users" INNER JOIN "follows" ON "users"."id" = "follows"."follower_id" WHERE "follows"."followee_id" = ?[0m  [["followee_id", 1]]
  [1m[36mUser Load (0.2ms)[0m  [1m[34mSELECT  "users".* FROM "users" WHERE "users"."id" = ? LIMIT ?[0m  [["id", 2], ["LIMIT", 1]]
  [1m[36mUser Exists (0.1ms)[0m  [1m[34mSELECT  1 AS one FROM "users" INNER JOIN "follows" ON "users"."id" = "follows"."followee_id" WHERE "follows"."follower_id" = ? AND "users"."id" = ? LIMIT ?[0m  [["follower_id", 1], ["id", 2], ["LIMIT", 1]]
  [1m[35m (0.1ms)[0m  [1m[36mbegin transaction[0m
  [1m[36mUser Load (0.1ms)[0m  [1m[34mSELECT  "users".* FROM "users" WHERE "users"."id" = ? LIMIT ?[0m  [["id", 1], ["LIMIT", 1]]
  [1m[36mUser Load (0.1ms)[0m  [1m[34mSELECT  "users".* FROM "users" WHERE "users"."id" = ? LIMIT ?[0m  [["id", 2], ["LIMIT", 1]]
  [1m[36mFollow Create (0.2ms)[0m  [1m[32mINSERT INTO "follows" ("follower_id", "followee_id", "created_at", "updated_at") VALUES (?, ?, ?, ?)[0m  [["follower_id", 1], ["followee_id", 2], ["created_at", "2022-09-13 14:51:55.470015"], ["updated_at", "2022-09-13 14:51:55.470015"]]
  [1m[35m (1.5ms)[0m  [1m[36mcommit transaction[0m
  [1m[36mUser Exists (0.3ms)[0m  [1m[34mSELECT  1 AS one FROM "users" INNER JOIN "follows" ON "users"."id" = "follows"."followee_id" WHERE "follows"."follower_id" = ? AND "users"."id" = ? LIMIT ?[0m  [["follower_id", 1], ["id", 2], ["LIMIT", 1]]
  [1m[36mUser Load (0.2ms)[0m  [1m[34mSELECT  "users".* FROM "users" INNER JOIN "follows" ON "users"."id" = "follows"."followee_id" WHERE "follows"."follower_id" = ? LIMIT ?[0m  [["follower_id", 1], ["LIMIT", 11]]
  [1m[36mUser Load (0.3ms)[0m  [1m[34mSELECT  "users".* FROM "users" INNER JOIN "follows" ON "users"."id" = "follows"."follower_id" WHERE "follows"."followee_id" = ? LIMIT ?[0m  [["followee_id", 1], ["LIMIT", 11]]
  [1m[36mUser Load (0.2ms)[0m  [1m[34mSELECT  "users".* FROM "users" INNER JOIN "follows" ON "users"."id" = "follows"."followee_id" WHERE "follows"."follower_id" = ? LIMIT ?[0m  [["follower_id", 1], ["LIMIT", 11]]
  [1m[36mUser Load (0.1ms)[0m  [1m[34mSELECT  "users".* FROM "users" INNER JOIN "follows" ON "users"."id" = "follows"."followee_id" WHERE "follows"."follower_id" = ? LIMIT ?[0m  [["follower_id", 2], ["LIMIT", 11]]
  [1m[36mUser Load (0.2ms)[0m  [1m[34mSELECT  "users".* FROM "users" INNER JOIN "follows" ON "users"."id" = "follows"."follower_id" WHERE "follows"."followee_id" = ? LIMIT ?[0m  [["followee_id", 2], ["LIMIT", 11]]
  [1m[36mUser Load (0.1ms)[0m  [1m[34mSELECT  "users".* FROM "users" INNER JOIN "follows" ON "users"."id" = "follows"."followee_id" WHERE "follows"."follower_id" = ? LIMIT ?[0m  [["follower_id", 2], ["LIMIT", 11]]
  [1m[36mUser Load (0.2ms)[0m  [1m[34mSELECT  "users".* FROM "users" INNER JOIN "follows" ON "users"."id" = "follows"."followee_id" WHERE "follows"."follower_id" = ? LIMIT ?[0m  [["follower_id", 2], ["LIMIT", 11]]
  [1m[36mUser Load (0.2ms)[0m  [1m[34mSELECT  "users".* FROM "users" INNER JOIN "follows" ON "users"."id" = "follows"."follower_id" WHERE "follows"."followee_id" = ? LIMIT ?[0m  [["followee_id", 2], ["LIMIT", 11]]
Started GET "/p/1" for ::1 at 2022-09-13 19:55:52 +0500
Processing by UsersController#show as HTML
  Parameters: {"id"=>"1"}
  [1m[36mUser Load (0.3ms)[0m  [1m[34mSELECT  "users".* FROM "users" WHERE "users"."id" = ? LIMIT ?[0m  [["id", 1], ["LIMIT", 1]]
  ↳ app/controllers/users_controller.rb:15
  Rendering users/show.html.erb within layouts/application
  [1m[35m (0.3ms)[0m  [1m[34mSELECT COUNT(*) FROM "users" INNER JOIN "follows" ON "users"."id" = "follows"."follower_id" WHERE "follows"."followee_id" = ?[0m  [["followee_id", 1]]
  ↳ app/views/users/show.html.erb:8
  [1m[35m (0.2ms)[0m  [1m[34mSELECT COUNT(*) FROM "users" INNER JOIN "follows" ON "users"."id" = "follows"."followee_id" WHERE "follows"."follower_id" = ?[0m  [["follower_id", 1]]
  ↳ app/views/users/show.html.erb:9
  Rendered users/show.html.erb within layouts/application (5.0ms)
Completed 200 OK in 18ms (Views: 14.5ms | ActiveRecord: 0.7ms)


Started GET "/p/2" for ::1 at 2022-09-13 19:55:56 +0500
Processing by UsersController#show as HTML
  Parameters: {"id"=>"2"}
  [1m[36mUser Load (0.1ms)[0m  [1m[34mSELECT  "users".* FROM "users" WHERE "users"."id" = ? LIMIT ?[0m  [["id", 2], ["LIMIT", 1]]
  ↳ app/controllers/users_controller.rb:15
  Rendering users/show.html.erb within layouts/application
  [1m[35m (0.2ms)[0m  [1m[34mSELECT COUNT(*) FROM "users" INNER JOIN "follows" ON "users"."id" = "follows"."follower_id" WHERE "follows"."followee_id" = ?[0m  [["followee_id", 2]]
  ↳ app/views/users/show.html.erb:8
  [1m[35m (0.1ms)[0m  [1m[34mSELECT COUNT(*) FROM "users" INNER JOIN "follows" ON "users"."id" = "follows"."followee_id" WHERE "follows"."follower_id" = ?[0m  [["follower_id", 2]]
  ↳ app/views/users/show.html.erb:9
  Rendered users/show.html.erb within layouts/application (3.5ms)
Completed 200 OK in 15ms (Views: 12.7ms | ActiveRecord: 0.4ms)


